# JRE version: Java(TM) SE Runtime Environment (8.0_121-b13) (build 1.8.0_121-b13)
# Java VM: Java HotSpot(TM) 64-Bit Server VM (25.121-b13 mixed mode linux-amd64 compressed oops)
Heap:
 PSYoungGen      total 92672K, used 3289K [0x00000000f5b00000, 0x00000000fbc80000, 0x0000000100000000)
  eden space 86016K, 0% used [0x00000000f5b00000,0x00000000f5b00000,0x00000000faf00000)
  from space 6656K, 49% used [0x00000000faf00000,0x00000000fb2366c8,0x00000000fb580000)
  to   space 6144K, 0% used [0x00000000fb580000,0x00000000fb580000,0x00000000fbb80000)
 ParOldGen       total 17920K, used 11837K [0x00000000e1000000, 0x00000000e2180000, 0x00000000f5b00000)
  object space 17920K, 66% used [0x00000000e1000000,0x00000000e1b8f498,0x00000000e2180000)
 Metaspace       used 35105K, capacity 35348K, committed 35456K, reserved 1079296K
  class space    used 6171K, capacity 6245K, committed 6272K, reserved 1048576K
GC Heap History (10 events):
Event: 32.513 GC heap after
Heap after GC invocations=9 (full 0):
 PSYoungGen      total 38400K, used 4095K [0x00000000f5b00000, 0x00000000f9b00000, 0x0000000100000000)
  eden space 34304K, 0% used [0x00000000f5b00000,0x00000000f5b00000,0x00000000f7c80000)
  from space 4096K, 99% used [0x00000000f7c80000,0x00000000f807fd60,0x00000000f8080000)
  to   space 5120K, 0% used [0x00000000f9600000,0x00000000f9600000,0x00000000f9b00000)
 ParOldGen       total 22016K, used 8975K [0x00000000e1000000, 0x00000000e2580000, 0x00000000f5b00000)
  object space 22016K, 40% used [0x00000000e1000000,0x00000000e18c3ca8,0x00000000e2580000)
 Metaspace       used 20898K, capacity 21032K, committed 21296K, reserved 1067008K
  class space    used 3619K, capacity 3651K, committed 3712K, reserved 1048576K
}
Event: 32.563 GC heap before
{Heap before GC invocations=10 (full 0):
 PSYoungGen      total 38400K, used 7543K [0x00000000f5b00000, 0x00000000f9b00000, 0x0000000100000000)
  eden space 34304K, 10% used [0x00000000f5b00000,0x00000000f5e5dee0,0x00000000f7c80000)
  from space 4096K, 99% used [0x00000000f7c80000,0x00000000f807fd60,0x00000000f8080000)
  to   space 5120K, 0% used [0x00000000f9600000,0x00000000f9600000,0x00000000f9b00000)
 ParOldGen       total 22016K, used 8975K [0x00000000e1000000, 0x00000000e2580000, 0x00000000f5b00000)
  object space 22016K, 40% used [0x00000000e1000000,0x00000000e18c3ca8,0x00000000e2580000)
 Metaspace       used 21113K, capacity 21276K, committed 21296K, reserved 1067008K
  class space    used 3655K, capacity 3697K, committed 3712K, reserved 1048576K
Event: 32.569 GC heap after
Heap after GC invocations=10 (full 0):
 PSYoungGen      total 60416K, used 1376K [0x00000000f5b00000, 0x00000000f9b00000, 0x0000000100000000)
  eden space 55296K, 0% used [0x00000000f5b00000,0x00000000f5b00000,0x00000000f9100000)
  from space 5120K, 26% used [0x00000000f9600000,0x00000000f9758000,0x00000000f9b00000)
  to   space 5120K, 0% used [0x00000000f9100000,0x00000000f9100000,0x00000000f9600000)
 ParOldGen       total 22016K, used 11135K [0x00000000e1000000, 0x00000000e2580000, 0x00000000f5b00000)
  object space 22016K, 50% used [0x00000000e1000000,0x00000000e1adfcc8,0x00000000e2580000)
 Metaspace       used 21113K, capacity 21276K, committed 21296K, reserved 1067008K
  class space    used 3655K, capacity 3697K, committed 3712K, reserved 1048576K
}
Event: 32.569 GC heap before
{Heap before GC invocations=11 (full 1):
 PSYoungGen      total 60416K, used 1376K [0x00000000f5b00000, 0x00000000f9b00000, 0x0000000100000000)
  eden space 55296K, 0% used [0x00000000f5b00000,0x00000000f5b00000,0x00000000f9100000)
  from space 5120K, 26% used [0x00000000f9600000,0x00000000f9758000,0x00000000f9b00000)
  to   space 5120K, 0% used [0x00000000f9100000,0x00000000f9100000,0x00000000f9600000)
 ParOldGen       total 22016K, used 11135K [0x00000000e1000000, 0x00000000e2580000, 0x00000000f5b00000)
  object space 22016K, 50% used [0x00000000e1000000,0x00000000e1adfcc8,0x00000000e2580000)
 Metaspace       used 21113K, capacity 21276K, committed 21296K, reserved 1067008K
  class space    used 3655K, capacity 3697K, committed 3712K, reserved 1048576K
Event: 32.631 GC heap after
Heap after GC invocations=11 (full 1):
 PSYoungGen      total 60416K, used 0K [0x00000000f5b00000, 0x00000000f9b00000, 0x0000000100000000)
  eden space 55296K, 0% used [0x00000000f5b00000,0x00000000f5b00000,0x00000000f9100000)
  from space 5120K, 0% used [0x00000000f9600000,0x00000000f9600000,0x00000000f9b00000)
  to   space 5120K, 0% used [0x00000000f9100000,0x00000000f9100000,0x00000000f9600000)
 ParOldGen       total 17920K, used 6862K [0x00000000e1000000, 0x00000000e2180000, 0x00000000f5b00000)
  object space 17920K, 38% used [0x00000000e1000000,0x00000000e16b3b98,0x00000000e2180000)
 Metaspace       used 21113K, capacity 21276K, committed 21296K, reserved 1067008K
  class space    used 3655K, capacity 3697K, committed 3712K, reserved 1048576K
}
Event: 33.301 GC heap before
{Heap before GC invocations=12 (full 1):
 PSYoungGen      total 60416K, used 55296K [0x00000000f5b00000, 0x00000000f9b00000, 0x0000000100000000)
  eden space 55296K, 100% used [0x00000000f5b00000,0x00000000f9100000,0x00000000f9100000)
  from space 5120K, 0% used [0x00000000f9600000,0x00000000f9600000,0x00000000f9b00000)
  to   space 5120K, 0% used [0x00000000f9100000,0x00000000f9100000,0x00000000f9600000)
 ParOldGen       total 17920K, used 6862K [0x00000000e1000000, 0x00000000e2180000, 0x00000000f5b00000)
  object space 17920K, 38% used [0x00000000e1000000,0x00000000e16b3b98,0x00000000e2180000)
 Metaspace       used 26561K, capacity 26708K, committed 26880K, reserved 1071104K
  class space    used 4739K, capacity 4757K, committed 4864K, reserved 1048576K
Event: 33.310 GC heap after
Heap after GC invocations=12 (full 1):
 PSYoungGen      total 60416K, used 5109K [0x00000000f5b00000, 0x00000000fbb80000, 0x0000000100000000)
  eden space 55296K, 0% used [0x00000000f5b00000,0x00000000f5b00000,0x00000000f9100000)
  from space 5120K, 99% used [0x00000000f9100000,0x00000000f95fd760,0x00000000f9600000)
  to   space 6144K, 0% used [0x00000000fb580000,0x00000000fb580000,0x00000000fbb80000)
 ParOldGen       total 17920K, used 8111K [0x00000000e1000000, 0x00000000e2180000, 0x00000000f5b00000)
  object space 17920K, 45% used [0x00000000e1000000,0x00000000e17ebd58,0x00000000e2180000)
 Metaspace       used 26561K, capacity 26708K, committed 26880K, reserved 1071104K
  class space    used 4739K, capacity 4757K, committed 4864K, reserved 1048576K
}
Event: 34.711 GC heap before
{Heap before GC invocations=13 (full 1):
 PSYoungGen      total 60416K, used 60405K [0x00000000f5b00000, 0x00000000fbb80000, 0x0000000100000000)
  eden space 55296K, 100% used [0x00000000f5b00000,0x00000000f9100000,0x00000000f9100000)
  from space 5120K, 99% used [0x00000000f9100000,0x00000000f95fd760,0x00000000f9600000)
  to   space 6144K, 0% used [0x00000000fb580000,0x00000000fb580000,0x00000000fbb80000)
 ParOldGen       total 17920K, used 8111K [0x00000000e1000000, 0x00000000e2180000, 0x00000000f5b00000)
  object space 17920K, 45% used [0x00000000e1000000,0x00000000e17ebd58,0x00000000e2180000)
 Metaspace       used 31887K, capacity 32126K, committed 32256K, reserved 1075200K
  class space    used 5734K, capacity 5788K, committed 5888K, reserved 1048576K
Event: 34.743 GC heap after
Heap after GC invocations=13 (full 1):
 PSYoungGen      total 92160K, used 5716K [0x00000000f5b00000, 0x00000000fbc80000, 0x0000000100000000)
  eden space 86016K, 0% used [0x00000000f5b00000,0x00000000f5b00000,0x00000000faf00000)
  from space 6144K, 93% used [0x00000000fb580000,0x00000000fbb153f8,0x00000000fbb80000)
  to   space 6656K, 0% used [0x00000000faf00000,0x00000000faf00000,0x00000000fb580000)
 ParOldGen       total 17920K, used 10081K [0x00000000e1000000, 0x00000000e2180000, 0x00000000f5b00000)
  object space 17920K, 56% used [0x00000000e1000000,0x00000000e19d8468,0x00000000e2180000)
 Metaspace       used 31887K, capacity 32126K, committed 32256K, reserved 1075200K
  class space    used 5734K, capacity 5788K, committed 5888K, reserved 1048576K
}
Event: 52.812 GC heap before
{Heap before GC invocations=14 (full 1):
 PSYoungGen      total 92160K, used 59021K [0x00000000f5b00000, 0x00000000fbc80000, 0x0000000100000000)
  eden space 86016K, 61% used [0x00000000f5b00000,0x00000000f8f0e110,0x00000000faf00000)
  from space 6144K, 93% used [0x00000000fb580000,0x00000000fbb153f8,0x00000000fbb80000)
  to   space 6656K, 0% used [0x00000000faf00000,0x00000000faf00000,0x00000000fb580000)
 ParOldGen       total 17920K, used 10081K [0x00000000e1000000, 0x00000000e2180000, 0x00000000f5b00000)
  object space 17920K, 56% used [0x00000000e1000000,0x00000000e19d8468,0x00000000e2180000)
 Metaspace       used 35105K, capacity 35348K, committed 35456K, reserved 1079296K
  class space    used 6171K, capacity 6245K, committed 6272K, reserved 1048576K

